build/app/outputs/mapping/release/seeds.txt
com.digitalveins.alaatasa.Application: Application()
com.digitalveins.alaatasa.MainActivity: MainActivity()
com.digitalveins.alaatasa.Application
com.digitalveins.alaatasa.MainActivity
...
com.pichillilorenzo.flutter_inappbrowser.R$drawable: int abc_btn_check_to_on_mtrl_015
androidx.appcompat.R$styleable: int ActionBar_backgroundSplit
com.pichillilorenzo.flutter_inappbrowser.R$attr: int goIcon
androidx.appcompat.R$styleable: int[] View
androidx.appcompat.R$drawable: int abc_ab_share_pack_mtrl_alpha
com.google.android.gms.internal.measurement.zzbw$zzb: int zzd
com.pichillilorenzo.flutter_inappbrowser.InAppBrowser: java.lang.String LOG_TAG
com.baseflow.geolocator.R$styleable: int GradientColor_android_startColor
com.pichillilorenzo.flutter_inappbrowser.InAppBrowser: void loadFile(java.lang.String,java.lang.String,java.util.Map,io.flutter.plugin.common.MethodChannel$Result)
androidx.appcompat.R$attr: int subtitle
com.baseflow.geolocator.R$styleable: int FontFamilyFont_android_font
com.baseflow.geolocator.tasks.Task: java.util.UUID mTaskID
com.pichillilorenzo.flutter_inappbrowser.R$style: int AlertDialog_AppCompat_Light
androidx.core.R$styleable: int GradientColor_android_centerY
com.baseflow.geolocator.R$dimen: int notification_top_pad_large_text
com.pichillilorenzo.flutter_inappbrowser.R$styleable: int MenuItem_showAsAction
com.baseflow.geolocator.data.ReverseGeocodingOptions
androidx.appcompat.R$dimen: int abc_text_size_body_1_material
com.pichillilorenzo.flutter_inappbrowser.InAppWebView.InAppWebViewClient: java.util.List access$002(java.util.List)
com.pichillilorenzo.flutter_inappbrowser.InAppWebView.InAppWebViewChromeClient$1: android.webkit.JsResult val$result
com.baseflow.geolocator.R$color: int common_google_signin_btn_text_light_default
com.pichillilorenzo.flutter_inappbrowser.R$style: int Base_Theme_AppCompat_Light_Dialog_Alert
android.support.v4.app.RemoteActionCompatParcelizer: RemoteActionCompatParcelizer()
androidx.appcompat.widget.SearchView$SearchAutoComplete: void setSearchView(androidx.appcompat.widget.SearchView)
org.chromium.support_lib_boundary.WebSettingsBoundaryInterface: void setOffscreenPreRaster(boolean)
androidx.appcompat.R$attr: int windowActionBarOverlay
com.pichillilorenzo.flutter_inappbrowser.R$styleable: int Toolbar_collapseContentDescription
com.pichillilorenzo.flutter_inappbrowser.ContentBlocker.ContentBlockerTrigger: java.util.List resourceType
com.baseflow.googleapiavailability.R$id: int accessibility_custom_action_29
com.pichillilorenzo.flutter_inappbrowser.InAppWebView.InAppWebViewChromeClient$1: com.pichillilorenzo.flutter_inappbrowser.InAppWebView.InAppWebViewChromeClient this$0
com.pichillilorenzo.flutter_inappbrowser.R$id: int add
com.pichillilorenzo.flutter_inappbrowser.JavaScriptBridgeInterface$1$1: void notImplemented()
com.baseflow.geolocator.R$id: int line3
androidx.appcompat.R$drawable: int abc_textfield_search_material
com.pichillilorenzo.flutter_inappbrowser.Util: java.lang.String getUrlAsset(io.flutter.plugin.common.PluginRegistry$Registrar,java.lang.String)
com.baseflow.location_permissions.R$id: int accessibility_custom_action_13
com.baseflow.geolocator.data.ReverseGeocodingOptions: com.baseflow.geolocator.data.Coordinate mCoordinate
com.pichillilorenzo.flutter_inappbrowser.R$style: int TextAppearance_AppCompat_Large_Inverse
androidx.appcompat.R$styleable: int MenuItem_android_numericShortcut
androidx.appcompat.R$color: int abc_search_url_text
androidx.fragment.app.FragmentActivity: boolean mStartedActivityFromFragment
io.github.ponnamkarthik.toast.fluttertoast.R$id: int accessibility_custom_action_6
com.pichillilorenzo.flutter_inappbrowser.R$styleable: int LinearLayoutCompat_Layout_android_layout_height
androidx.appcompat.R$styleable: int AppCompatTheme_alertDialogTheme
androidx.appcompat.R$dimen: int abc_dropdownitem_text_padding_left
io.flutter.plugin.platform.PlatformViewFactory: io.flutter.plugin.common.MessageCodec getCreateArgsCodec()
com.google.android.gms.maps.model.VisibleRegion: android.os.Parcelable$Creator CREATOR
androidx.appcompat.R$attr: int colorError