build/app/outputs/mapping/release/mapping.txt
# compiler: R8
# compiler_version: 1.6.82
# min_api: 19
# pg_map_id: bb8734d
# common_typos_disable
com.digitalveins.alaatasa.Application -> com.digitalveins.alaatasa.Application:
    void registerWith(io.flutter.plugin.common.PluginRegistry) -> a
com.digitalveins.alaatasa.FirebaseCloudMessagingPluginRegistrant -> com.digitalveins.alaatasa.a:
    com.digitalveins.alaatasa.FirebaseCloudMessagingPluginRegistrant INSTANCE -> a
    void registerWith(io.flutter.plugin.common.PluginRegistry) -> a
    boolean alreadyRegisteredWith(io.flutter.plugin.common.PluginRegistry) -> b
...
com.google.android.gms.maps.model.LatLngBounds -> com.google.android.gms.maps.model.LatLngBounds:
    com.google.android.gms.maps.model.LatLng southwest -> b
    com.google.android.gms.maps.model.LatLng northeast -> c
com.google.android.gms.maps.model.MapStyleOptions -> com.google.android.gms.maps.model.k:
    java.lang.String zzdl -> b
com.google.android.gms.maps.model.Marker -> com.google.android.gms.maps.model.l:
    com.google.android.gms.internal.maps.zzt zzdm -> a
    java.lang.String getId() -> a
    void setAlpha(float) -> a
    void setAnchor(float,float) -> a
    void setDraggable(boolean) -> a
    void setIcon(com.google.android.gms.maps.model.BitmapDescriptor) -> a
    void setPosition(com.google.android.gms.maps.model.LatLng) -> a
    void setSnippet(java.lang.String) -> a
    com.google.android.gms.maps.model.LatLng getPosition() -> b
    void setFlat(boolean) -> b
    void setInfoWindowAnchor(float,float) -> b
    void setRotation(float) -> b
    void setTitle(java.lang.String) -> b
    void hideInfoWindow() -> c
    void setVisible(boolean) -> c
    void setZIndex(float) -> c
    boolean isInfoWindowShown() -> d
    void remove() -> e
    void showInfoWindow() -> f
com.google.android.gms.maps.model.MarkerOptions -> com.google.android.gms.maps.model.m:
    float zzdt -> l
    float zzds -> k
    boolean zzct -> i
    float zzdc -> g
    boolean zzdr -> j
    com.google.android.gms.maps.model.LatLng position -> b
    float zzdb -> f
    com.google.android.gms.maps.model.BitmapDescriptor zzdp -> e
    boolean zzdq -> h
    java.lang.String zzdn -> c
    float zzcs -> o
    float alpha -> n
    java.lang.String zzdo -> d
    float zzdu -> m
    com.google.android.gms.maps.model.MarkerOptions alpha(float) -> a
    com.google.android.gms.maps.model.MarkerOptions anchor(float,float) -> a
    com.google.android.gms.maps.model.MarkerOptions draggable(boolean) -> a
    com.google.android.gms.maps.model.MarkerOptions icon(com.google.android.gms.maps.model.BitmapDescriptor) -> a
    com.google.android.gms.maps.model.MarkerOptions position(com.google.android.gms.maps.model.LatLng) -> a
    com.google.android.gms.maps.model.MarkerOptions snippet(java.lang.String) -> a
    com.google.android.gms.maps.model.MarkerOptions flat(boolean) -> b
    com.google.android.gms.maps.model.MarkerOptions infoWindowAnchor(float,float) -> b
    com.google.android.gms.maps.model.MarkerOptions rotation(float) -> b
    com.google.android.gms.maps.model.MarkerOptions title(java.lang.String) -> b
    com.google.android.gms.maps.model.MarkerOptions visible(boolean) -> c
    com.google.android.gms.maps.model.MarkerOptions zIndex(float) -> c
    float getAlpha() -> d
com.google.android.gms.maps.model.PatternItem -> com.google.android.gms.maps.model.n:
    int type -> b
    java.lang.Float zzdv -> c
com.google.android.gms.maps.model.Polygon -> com.google.android.gms.maps.model.o:
    com.google.android.gms.internal.maps.zzw zzdw -> a
    java.lang.String getId() -> a
    void setClickable(boolean) -> a
    void setFillColor(int) -> a
    void setPoints(java.util.List) -> a
    void setStrokeWidth(float) -> a
    void remove() -> b
    void setGeodesic(boolean) -> b
    void setStrokeColor(int) -> b
    void setZIndex(float) -> b
    void setVisible(boolean) -> c