build/app/outputs/mapping/release/usage.txt
com.digitalveins.alaatasa.R$anim
com.digitalveins.alaatasa.R
com.digitalveins.alaatasa.R$mipmap
com.digitalveins.alaatasa.R$string
com.digitalveins.alaatasa.R$drawable
com.digitalveins.alaatasa.R$styleable
com.digitalveins.alaatasa.R$color
com.digitalveins.alaatasa.BuildConfig
com.digitalveins.alaatasa.R$style
com.digitalveins.alaatasa.R$attr
com.digitalveins.alaatasa.R$menu
com.digitalveins.alaatasa.R$bool
com.digitalveins.alaatasa.R$id
com.digitalveins.alaatasa.R$layout
com.digitalveins.alaatasa.R$dimen
com.digitalveins.alaatasa.R$integer
...
androidx.core.view.accessibility.AccessibilityNodeProviderCompat$AccessibilityNodeProviderApi19
com.google.android.exoplayer2.source.AbstractConcatenatedTimeline
kotlin.collections.CollectionsKt___CollectionsKt$elementAt$1
com.google.common.reflect.TypeToken$TypeCollector$3
kotlin.collections.ArrayAsCollection
com.google.common.collect.Multimaps$Keys$1$1
androidx.appcompat.widget.ToolbarWidgetWrapper:
    private void ensureSpinner()
    public java.lang.CharSequence getSubtitle()
    public boolean hasIcon()
    public boolean hasLogo()
    public boolean hasEmbeddedTabs()
    public boolean isTitleTruncated()
    public void setNavigationMode(int)
    public void setDropdownParams(android.widget.SpinnerAdapter,android.widget.AdapterView$OnItemSelectedListener)
    public void setDropdownSelectedPosition(int)
    public int getDropdownSelectedPosition()
    public int getDropdownItemCount()
    public android.view.View getCustomView()
    public void animateToVisibility(int)
    public void setNavigationIcon(int)
    public void setDefaultNavigationIcon(android.graphics.drawable.Drawable)
    public void saveHierarchyState(android.util.SparseArray)
    public void restoreHierarchyState(android.util.SparseArray)
    public int getHeight()
    public int getVisibility()
    private android.widget.Spinner mSpinner
    private static final java.lang.String TAG
    private static final int AFFECTS_LOGO_MASK
    private static final long DEFAULT_FADE_DURATION_MS
kotlin.properties.Delegates$vetoable$1
com.google.firebase.R
com.google.common.collect.Multisets$MultisetIteratorImpl
com.google.android.gms.maps.internal.zzbm
androidx.webkit.R$attr
androidx.drawerlayout.widget.DrawerLayout$ChildAccessibilityDelegate
com.google.android.gms.internal.measurement.zzep
kotlin.internal.Exact
com.google.android.exoplayer2.scheduler.PlatformScheduler
com.google.common.collect.FilteredKeyMultimap$Entries
org.junit.internal.runners.ErrorReportingRunner
com.google.common.eventbus.Dispatcher$PerThreadQueuedDispatcher
kotlin.jvm.internal.TypeIntrinsics
io.flutter.embedding.engine.loader.FlutterApplicationInfo:
    private static final java.lang.String DEFAULT_AOT_SHARED_LIBRARY_NAME
    private static final java.lang.String DEFAULT_VM_SNAPSHOT_DATA
    private static final java.lang.String DEFAULT_ISOLATE_SNAPSHOT_DATA
    private static final java.lang.String DEFAULT_FLUTTER_ASSETS_DIR
com.google.common.collect.EnumBiMap
com.google.android.gms.common.util.HexDumpUtils
com.google.common.collect.AbstractIterator
androidx.drawerlayout.R$layout
com.google.android.gms.common.api.internal.zabd
com.google.android.exoplayer2.drm.ExoMediaDrm$OnKeyStatusChangeListener
io.flutter.plugins.sharedpreferences.R$styleable
com.google.common.util.concurrent.AbstractScheduledService$CustomScheduler$ReschedulableCallable
com.google.common.collect.RegularImmutableMultiset$NonTerminalEntry
kotlin.io.FileTreeWalk
com.google.android.gms.maps.model.Cap:
    final com.google.android.gms.maps.model.Cap zzh()
com.google.android.gms.maps.model.zzd
com.google.android.gms.location.LocationSettingsResponse:
    public com.google.android.gms.location.LocationSettingsStates getLocationSettingsStates()
kotlin.collections.unsigned.UArraysKt___UArraysJvmKt$asList$2
com.google.android.gms.maps.internal.StreetViewLifecycleDelegate
kotlin.reflect.KFunction
com.google.android.gms.maps.internal.MapLifecycleDelegate:
    public abstract void getMapAsync(com.google.android.gms.maps.OnMapReadyCallback)
com.google.android.gms.common.internal.service.zab
kotlin.collections.SetsKt
androidx.lifecycle.ClassesInfoCache:
    private static final int CALL_TYPE_NO_ARG
    private static final int CALL_TYPE_PROVIDER
    private static final int CALL_TYPE_PROVIDER_WITH_EVENT
kotlin.reflect.KMutableProperty2$Setter
com.google.common.cache.LocalCache$EntryIterator
junit.framework.Protectable
org.junit.runner.Result$Listener
com.google.common.base.MoreObjects